119 [5392] INFO perfrun.launcher <> - Launcher main begin
125 [5392] INFO perfrun.launcher <> - MessageCatalogInit finished
125 [5392] INFO perfrun.launcher <> - Launcher instance created
125 [5392] INFO perfrun.launcher <> - argc = 7; cmdline = D:\Program Files\Intel\oneAPI\vtune\latest\bin64\amplxe-runss.exe --ui-output-format xml --ui-output-fd 932 --option-file D:\Projects\CVTree-Parallelised\src\CVTreeParallelised\CVTree-VTune\r029hs\config\runss.options 
158 [5392] INFO perfrun.launcher <> - New signal handler callback was added
228 [5392] INFO perfrun.launcher <> - create msngr2::ICliToolContext
228 [5392] INFO perfrun.launcher <> - create file finder object
230 [5392] INFO perfrun.launcher <> - create a result directory: pattern = D:\Projects\CVTree-Parallelised\src\CVTreeParallelised\CVTree-VTune\r029hs pid = 4294967295
234 [5392] INFO perfrun.launcher <> - create data directory = D:\Projects\CVTree-Parallelised\src\CVTreeParallelised\CVTree-VTune\r029hs\data.0
235 [5392] INFO perfrun.launcher <> - Creating the master collection flag
241 [5392] INFO perfrun.launcher <> - Done creating the master collection flag
241 [5224] INFO perfrun.launcher <> - plugin [remoteplug] was disabled because it doesn't support the given collection type.
241 [5224] INFO perfrun.sdk <> - Allocating TMU :D:\Projects\CVTree-Parallelised\src\CVTreeParallelised\CVTree-VTune\r029hs\data.0\systemcollector-828-DESKTOP-52FOPCQ.sc
242 [5224] INFO perfrun.launcher <> - plugin [] was disabled because it doesn't support the given collection type.
244 [5224] INFO perfrun.launcher <> - plugin [] was disabled because it doesn't support the given collection type.
244 [5224] INFO perfrun.launcher <> - plugin [gpu] was disabled because it doesn't support the given collection type.
244 [5224] INFO perfrun.launcher <> - plugin [etw.kernel] was disabled because it doesn't support the given collection type.
244 [5224] INFO perfrun.launcher <> - plugin [etw.dx] was disabled because it doesn't support the given collection type.
244 [5224] INFO perfrun.launcher <> - plugin [etw.wsa] was disabled because it doesn't support the given collection type.
244 [5224] INFO perfrun.mrte <> - system-wide mode is 0
244 [5224] INFO perfrun.mrte <> - Getting  mrte profiling environment ...
434 [5224] INFO perfrun.mrte <> - INTEL_MRTE_DATA_DIR=D:\Projects\CVTree-Parallelised\src\CVTreeParallelised\CVTree-VTune\r029hs\data.0
434 [5224] INFO perfrun.mrte <> - INTEL_MRTE_HOST_NAME=DESKTOP-52FOPCQ
434 [5224] INFO perfrun.mrte <> - JAVA_TOOL_OPTIONS=-agentlib:amplxe_tpssmrte_javaprof_1.0
434 [5224] INFO perfrun.mrte <> - COR_ENABLE_PROFILING=1
434 [5224] INFO perfrun.mrte <> - COR_PROFILER={2603158F-60BC-4915-9795-D85FC7A9A2C8}
434 [5224] INFO perfrun.mrte <> - COMPLUS_ProfAPI_ProfilerCompatibilitySetting=EnableV2Profiler
434 [5224] INFO perfrun.mrte <> - CORECLR_ENABLE_PROFILING=1
434 [5224] INFO perfrun.mrte <> - CORECLR_PROFILER={2603158F-60BC-4915-9795-D85FC7A9A2C8}
434 [5224] INFO perfrun.mrte <> - CORECLR_PROFILER_PATH=D:\Program Files\Intel\oneAPI\vtune\latest\bin64/amplxe_tpssmrte_clrprof_1.0.dll
434 [5224] INFO perfrun.mrte <> - INTEL_MRTE_PROFILER_MODE=mixed
434 [5224] INFO perfrun.mrte <> - Data directory: D:\Projects\CVTree-Parallelised\src\CVTreeParallelised\CVTree-VTune\r029hs\data.0
434 [5224] INFO perfrun.mrte <> - Mrte plugin is initialized
434 [5224] INFO perfrun.launcher <> - plugin [cuscol] was disabled because it doesn't support the given collection type.
434 [5224] INFO perfrun.launcher <> - plugin [stdsrc] was disabled because it doesn't support the given collection type.
434 [5224] INFO perfrun.launcher <> - plugin [sep] was disabled because it doesn't support the given collection type.
435 [5224] INFO perfrun.launcher <> - plugin [vtsspp] was disabled because it doesn't support the given collection type.
435 [5224] INFO perfrun.launcher <> - plugin [] was disabled because it doesn't support the given collection type.
435 [5224] INFO perfrun.launcher <> - plugin [aoclprofile] was disabled because it doesn't support the given collection type.
435 [5224] INFO perfrun.tpss <> - initialize tpss controller
435 [5224] INFO perfrun.tpss <> - configure collection mode: value = cpu:counters:nostack
435 [5224] INFO perfrun.tpss <> - configure collection mode: value = cpu:stack
435 [5224] INFO perfrun.tpss <> - default obj-size-min=1024
435 [5224] INFO perfrun.tpss <> - default hash-table-size=0
435 [5224] INFO perfrun.launcher <> - plugin [exprof] was disabled because it doesn't support the given collection type.
435 [5224] INFO perfrun.launcher <> - plugin [] was disabled because it doesn't support the given collection type.
435 [5224] INFO perfrun.launcher <> - plugin [] was disabled because it doesn't support the given collection type.
435 [5224] INFO perfrun.launcher <> - plugin [] was disabled because it doesn't support the given collection type.
435 [5224] INFO perfrun.launcher <> - plugin [] was disabled because it doesn't support the given collection type.
435 [5224] INFO perfrun.launcher <> - plugin [power] was disabled because it doesn't support the given collection type.
435 [5224] INFO perfrun.launcher <> - plugin [hwloc] was disabled because it doesn't support the given collection type.
435 [5224] INFO perfrun.launcher <> - plugin [ipmwatch] was disabled because it doesn't support the given collection type.
435 [5224] INFO perfrun.launcher <> - plugin [os_counters] was disabled because it doesn't support the given collection type.
435 [5392] INFO perfrun.launcher <> - set environment variable: PATH = D:\Program Files\Intel\oneAPI\vtune\latest\bin32\runtime;D:\Program Files\Intel\oneAPI\vtune\latest\bin64\runtime;D:\Program Files\Intel\oneAPI\tbb\latest\redist\intel64\vc_mt\;D:\Program Files\Intel\oneAPI\tbb\latest\redist\ia32\vc_mt\;D:\Program Files\Intel\oneAPI\compiler\latest\windows\redist\intel64_win\compiler;D:\Program Files\Intel\oneAPI\compiler\latest\windows\redist\ia32_win\compiler;C:\Python39\Scripts\;C:\Python39\;D:\Ruby27-x64\bin;C:\WINDOWS\system32;C:\WINDOWS;C:\WINDOWS\System32\Wbem;C:\WINDOWS\System32\WindowsPowerShell\v1.0\;C:\WINDOWS\System32\OpenSSH\;C:\Program Files (x86)\NVIDIA Corporation\PhysX\Common;C:\Program Files\NVIDIA Corporation\NVIDIA NvDLISR;C:\Program Files\dotnet\;C:\WINDOWS\system32;C:\WINDOWS;C:\WINDOWS\System32\Wbem;C:\WINDOWS\System32\WindowsPowerShell\v1.0\;C:\WINDOWS\System32\OpenSSH\;D:\Documents\MATLABInstall\bin;C:\ProgramData\chocolatey\bin;C:\Program Files\Git\cmd;C:\Users\Owner\AppData\Roaming\nvm;C:\Program Files\nodejs;C:\Gradle\gradle-6.8.2\bin;C:\Program Files\Microsoft SQL Server\130\Tools\Binn\;C:\Program Files\Microsoft SQL Server\Client SDK\ODBC\170\Tools\Binn\;C:\Program Files\Docker\Docker\resources\bin;C:\ProgramData\DockerDesktop\version-bin;D:\Node\;C:\Program Files\Git LFS;C:\Users\Owner\AppData\Local\Programs\Python\Launcher\;C:\Program Files\Java\jdk1.8.0_241\bin;C:\Users\Owner\AppData\Local\hyper\app-3.0.2\resources\bin;C:\Users\Owner\AppData\Local\Microsoft\WindowsApps;C:\Program Files (x86)\GitHub CLI\;C:\Users\Owner\AppData\Local\GitHubDesktop\bin;D:\Program Files\IntelliJ IDEA Community Edition 2021.1.1\bin;C:\Users\Owner\.dotnet\tools;C:\Users\Owner\AppData\Roaming\npm;D:\Program Files\Microsoft VS Code\bin
436 [5392] INFO perfrun.launcher <> - set environment variable: INTEL_LIBITTNOTIFY32 = D:\Program Files\Intel\oneAPI\vtune\latest\bin32\runtime\ittnotify_collector.dll
436 [5392] INFO perfrun.launcher <> - set environment variable: INTEL_LIBITTNOTIFY64 = D:\Program Files\Intel\oneAPI\vtune\latest\bin64\runtime\ittnotify_collector.dll
436 [5392] INFO perfrun.launcher <> - set environment variable: INTEL_ITTNOTIFY_GROUPS = 
436 [5392] INFO perfrun.launcher <> - set environment variable: INTEL_JIT_PROFILER32 = D:\Program Files\Intel\oneAPI\vtune\latest\bin32\runtime\ittnotify_collector.dll
436 [5392] INFO perfrun.launcher <> - set environment variable: INTEL_JIT_PROFILER64 = D:\Program Files\Intel\oneAPI\vtune\latest\bin64\runtime\ittnotify_collector.dll
436 [5392] INFO perfrun.launcher <> - set environment variable: VS_PROFILER = ittnotify_collector.dll
436 [5392] INFO perfrun.launcher <> - set environment variable: OMP_TOOL_LIBRARIES = D:\Program Files\Intel\oneAPI\vtune\latest\bin32\runtime\ittnotify_collector.dll;D:\Program Files\Intel\oneAPI\vtune\latest\bin64\runtime\ittnotify_collector.dll
436 [5392] INFO perfrun.launcher <> - set environment variable: ENABLE_JITPROFILING = 1
436 [5392] INFO perfrun.launcher <> - set environment variable: CL_CONFIG_USE_VTUNE = True
436 [5392] INFO perfrun.launcher <> - set environment variable: KMP_FORKJOIN_FRAMES = 0
437 [5392] INFO perfrun.launcher <> - set environment variable: KMP_FORKJOIN_FRAMES_MODE = 0
437 [5392] INFO perfrun.launcher <> - set environment variable: OMP_TOOL = disabled
437 [5392] INFO perfrun.launcher <> - set environment variable: INTEL_MRTE_DATA_DIR = D:\Projects\CVTree-Parallelised\src\CVTreeParallelised\CVTree-VTune\r029hs\data.0
437 [5392] INFO perfrun.launcher <> - set environment variable: INTEL_MRTE_HOST_NAME = DESKTOP-52FOPCQ
437 [5392] INFO perfrun.launcher <> - set environment variable: JAVA_TOOL_OPTIONS = -agentlib:amplxe_tpssmrte_javaprof_1.0
437 [5392] INFO perfrun.launcher <> - set environment variable: COR_ENABLE_PROFILING = 1
437 [5392] INFO perfrun.launcher <> - set environment variable: COR_PROFILER = {2603158F-60BC-4915-9795-D85FC7A9A2C8}
437 [5392] INFO perfrun.launcher <> - set environment variable: COMPLUS_ProfAPI_ProfilerCompatibilitySetting = EnableV2Profiler
437 [5392] INFO perfrun.launcher <> - set environment variable: CORECLR_ENABLE_PROFILING = 1
437 [5392] INFO perfrun.launcher <> - set environment variable: CORECLR_PROFILER = {2603158F-60BC-4915-9795-D85FC7A9A2C8}
437 [5392] INFO perfrun.launcher <> - set environment variable: CORECLR_PROFILER_PATH = D:\Program Files\Intel\oneAPI\vtune\latest\bin64/amplxe_tpssmrte_clrprof_1.0.dll
437 [5392] INFO perfrun.launcher <> - set environment variable: INTEL_MRTE_PROFILER_MODE = mixed
437 [5392] INFO perfrun.launcher <> - RpcServer: run RPC server to handle requests
441 [5392] INFO perfrun.sdk <> - IProcessUtil: the given executable 'D:\Projects\CVTree-Parallelised\src\CVTreeOriginal\x64\Release\CVTreeOriginal.exe' is valid.
441 [5392] INFO perfrun.launcher <> - Launcher: command line to start before modification = D:\Projects\CVTree-Parallelised\src\CVTreeOriginal\x64\Release\CVTreeOriginal.exe
444 [5392] INFO perfrun.launcher <> - Launcher: command line to start after modification = D:\Program Files\Intel\oneAPI\vtune\2021.7.1\bin64\pin.exe -error_file D:\Projects\CVTree-Parallelised\src\CVTreeParallelised\CVTree-VTune\r029hs\data.0\pinerr.tpsslog -detach_reattach -probe -follow_execv -p32 D:\Program Files\Intel\oneAPI\vtune\latest\bin32\pin.exe -p64 D:\Program Files\Intel\oneAPI\vtune\latest\bin64\pin.exe -t64 D:\Program Files\Intel\oneAPI\vtune\latest\bin64\tpsstool.dll -t D:\Program Files\Intel\oneAPI\vtune\latest\bin32\tpsstool.dll -server_name tpss_ipc.828 -prd_dir D:\Program Files\Intel\oneAPI\vtune\2021.7.1 -- D:\Projects\CVTree-Parallelised\src\CVTreeOriginal\x64\Release\CVTreeOriginal.exe
444 [5392] INFO perfrun.launcher <> - ProcessCreator object was created
446 [5392] INFO perfrun.launcher <> - Launcher: the process was started in suspend mode
446 [5224] INFO perfrun.itt <> - start itt controller for pid #3308
448 [5224] INFO perfrun.sdk <> - runCmd: "D:\Program Files\Intel\oneAPI\vtune\latest\bin64\emon.exe" -M
516 [5224] INFO perfrun.sdk <> - runCmd: "D:\Program Files\Intel\oneAPI\vtune\latest\bin64\emon.exe" -v
602 [5224] INFO perfrun.sdk <> - runCmd: "D:\Program Files\Intel\oneAPI\vtune\latest\bin64\sep.exe" -dry-run -ec "CPU_CLK_UNHALTED.THREAD,CPU_CLK_UNHALTED.REF_TSC:sample:sa=3400000,INST_RETIRED.ANY:sample:sa=3400000,CPU_CLK_UNHALTED.REF_XCLK,CPU_CLK_UNHALTED.ONE_THREAD_ACTIVE,FP_ARITH_INST_RETIRED.SCALAR_SINGLE,FP_ARITH_INST_RETIRED.128B_PACKED_SINGLE,FP_ARITH_INST_RETIRED.256B_PACKED_SINGLE,FP_ARITH_INST_RETIRED.SCALAR_DOUBLE,FP_ARITH_INST_RETIRED.128B_PACKED_DOUBLE,FP_ARITH_INST_RETIRED.256B_PACKED_DOUBLE,UOPS_EXECUTED.X87,UOPS_RETIRED.RETIRE_SLOTS:sample:sa=2000003,UOPS_EXECUTED.THREAD" -experimental
690 [5224] INFO perfrun.sdk <> - runCmd: "D:\Program Files\Intel\oneAPI\vtune\latest\bin64\emon.exe" -u -t0.050 -l0 -A -C "CPU_CLK_UNHALTED.ONE_THREAD_ACTIVE,CPU_CLK_UNHALTED.REF_TSC,CPU_CLK_UNHALTED.REF_XCLK,CPU_CLK_UNHALTED.THREAD,FP_ARITH_INST_RETIRED.128B_PACKED_DOUBLE,FP_ARITH_INST_RETIRED.128B_PACKED_SINGLE,FP_ARITH_INST_RETIRED.256B_PACKED_DOUBLE,FP_ARITH_INST_RETIRED.256B_PACKED_SINGLE,FP_ARITH_INST_RETIRED.SCALAR_DOUBLE,FP_ARITH_INST_RETIRED.SCALAR_SINGLE,INST_RETIRED.ANY,UOPS_EXECUTED.THREAD,UOPS_EXECUTED.X87,UOPS_RETIRED.RETIRE_SLOTS" -f "D:\Projects\CVTree-Parallelised\src\CVTreeParallelised\CVTree-VTune\r029hs\data.0\emon.0.emon" -experimental
693 [5224] INFO perfrun.emon <> - Waiting trace file creation: D:\Projects\CVTree-Parallelised\src\CVTreeParallelised\CVTree-VTune\r029hs\data.0\emon.0.emon
906 [5224] INFO perfrun.emon <> - trace file was found
906 [5224] INFO perfrun.tpss <> - start tpss controller for pid #3308
967 [5392] INFO perfrun.launcher <> - Launcher: all plugins were started
967 [5392] INFO perfrun.launcher <> - DirectoryMonitor object was created
967 [5392] INFO perfrun.launcher <> - DirectoryMonitor: a callback was added
967 [5392] INFO perfrun.launcher <> - DirectoryMonitor was started with pingTime = 1000
967 [5392] INFO perfrun.launcher <> - DeadlineTimer is going to be constructed
968 [5392] INFO perfrun.launcher <> - DeadlineTimer: a callback was added
974 [5392] INFO perfrun.launcher <> - Launcher: resume the profiled application and  wait its termination or stop command
24051 [5392] INFO perfrun.launcher <> - Launcher: the profiled application was terminated  with exit code = 0
24057 [5224] INFO perfrun.itt <> - stop itt controller
24057 [5224] INFO perfrun.itt <> - detach itt controller
24057 [5224] INFO perfrun.sdk <> - runCmd: "D:\Program Files\Intel\oneAPI\vtune\latest\bin64\emon.exe" -stop
24273 [5224] INFO perfrun.emon <> - EMON collector successfully stopped.

24273 [5224] INFO perfrun.tpss <> - stop tpss controller
24274 [5224] INFO perfrun.sdk <> - De-allocating TMU: D:\Projects\CVTree-Parallelised\src\CVTreeParallelised\CVTree-VTune\r029hs\data.0\systemcollector-828-DESKTOP-52FOPCQ.sc
24294 [5224] INFO perfrun.system <> - closed the system trace file: D:\Projects\CVTree-Parallelised\src\CVTreeParallelised\CVTree-VTune\r029hs\data.0\systemcollector-828-DESKTOP-52FOPCQ.sc
24294 [5392] INFO perfrun.launcher <> - Launcher: all plugins were stopped.
24294 [5392] INFO perfrun.launcher <> - DeadlineTimer is going to be destroyed
24294 [5392] INFO perfrun.launcher <> - DeadlineTimer was destroyed
24294 [5392] INFO perfrun.launcher <> - DirectoryMonitor object was destroyed
24295 [5392] WARN perfrun.launcher <> - Stop command is ignored because it is received when collection is already stopped, at file: C:\BB\INNLphep2w6r\b\tmprb3sli\vcs\perfrun1\launcher\src\command_handler.cpp:212
24296 [5392] INFO perfrun.launcher <> - Application exit code: 0
24296 [5392] INFO perfrun.launcher <> - Exit code: 0
