96 [13372] INFO perfrun.launcher <> - Launcher main begin
102 [13372] INFO perfrun.launcher <> - MessageCatalogInit finished
103 [13372] INFO perfrun.launcher <> - Launcher instance created
103 [13372] INFO perfrun.launcher <> - argc = 7; cmdline = D:\Program Files\Intel\oneAPI\vtune\latest\bin64\amplxe-runss.exe --ui-output-format xml --ui-output-fd 1424 --option-file D:\Projects\CVTree-Parallelised\src\CVTreeParallelised\CVTree-VTune\r024ps\config\runsa.options 
134 [13372] INFO perfrun.launcher <> - New signal handler callback was added
205 [13372] INFO perfrun.launcher <> - create msngr2::ICliToolContext
206 [13372] INFO perfrun.launcher <> - create file finder object
206 [13372] INFO perfrun.launcher <> - create a result directory: pattern = D:\Projects\CVTree-Parallelised\src\CVTreeParallelised\CVTree-VTune\r024ps pid = 4294967295
211 [13372] INFO perfrun.launcher <> - create data directory = D:\Projects\CVTree-Parallelised\src\CVTreeParallelised\CVTree-VTune\r024ps\data.0
211 [13372] INFO perfrun.launcher <> - Creating the master collection flag
216 [13372] INFO perfrun.launcher <> - Done creating the master collection flag
216 [14836] INFO perfrun.launcher <> - plugin [remoteplug] was disabled because it doesn't support the given collection type.
217 [14836] INFO perfrun.sdk <> - Allocating TMU :D:\Projects\CVTree-Parallelised\src\CVTreeParallelised\CVTree-VTune\r024ps\data.0\systemcollector-14192-DESKTOP-52FOPCQ.sc
217 [14836] INFO perfrun.launcher <> - plugin [] was disabled because it doesn't support the given collection type.
217 [14836] INFO perfrun.launcher <> - plugin [itt] was disabled because it doesn't support the given collection type.
217 [14836] INFO perfrun.launcher <> - plugin [] was disabled because it doesn't support the given collection type.
217 [14836] INFO perfrun.launcher <> - plugin [gpu] was disabled because it doesn't support the given collection type.
217 [14836] INFO perfrun.launcher <> - plugin [etw.kernel] was disabled because it doesn't support the given collection type.
217 [14836] INFO perfrun.launcher <> - plugin [etw.dx] was disabled because it doesn't support the given collection type.
217 [14836] INFO perfrun.launcher <> - plugin [etw.wsa] was disabled because it doesn't support the given collection type.
217 [14836] INFO perfrun.mrte <> - system-wide mode is 0
217 [14836] INFO perfrun.mrte <> - Getting  mrte profiling environment ...
418 [14836] INFO perfrun.mrte <> - INTEL_MRTE_DATA_DIR=D:\Projects\CVTree-Parallelised\src\CVTreeParallelised\CVTree-VTune\r024ps\data.0
418 [14836] INFO perfrun.mrte <> - INTEL_MRTE_HOST_NAME=DESKTOP-52FOPCQ
418 [14836] INFO perfrun.mrte <> - JAVA_TOOL_OPTIONS=-agentlib:amplxe_samplingmrte_javaprof_1.0
418 [14836] INFO perfrun.mrte <> - COR_ENABLE_PROFILING=1
418 [14836] INFO perfrun.mrte <> - COR_PROFILER={AA5E4821-E3B1-479c-B7FF-5AD047D22CED}
418 [14836] INFO perfrun.mrte <> - COMPLUS_ProfAPI_ProfilerCompatibilitySetting=EnableV2Profiler
418 [14836] INFO perfrun.mrte <> - CORECLR_ENABLE_PROFILING=1
418 [14836] INFO perfrun.mrte <> - CORECLR_PROFILER={AA5E4821-E3B1-479c-B7FF-5AD047D22CED}
418 [14836] INFO perfrun.mrte <> - CORECLR_PROFILER_PATH=D:\Program Files\Intel\oneAPI\vtune\latest\bin64/amplxe_samplingmrte_clrprof_1.0.dll
418 [14836] INFO perfrun.mrte <> - INTEL_MRTE_PROFILER_MODE=mixed
418 [14836] INFO perfrun.mrte <> - Data directory: D:\Projects\CVTree-Parallelised\src\CVTreeParallelised\CVTree-VTune\r024ps\data.0
418 [14836] INFO perfrun.mrte <> - Mrte plugin is initialized
418 [14836] INFO perfrun.launcher <> - plugin [cuscol] was disabled because it doesn't support the given collection type.
418 [14836] INFO perfrun.launcher <> - plugin [stdsrc] was disabled because it doesn't support the given collection type.
418 [14836] INFO perfrun.launcher <> - plugin [sep] was disabled because it doesn't support the given collection type.
419 [14836] INFO perfrun.launcher <> - plugin [vtsspp] was disabled because it doesn't support the given collection type.
419 [14836] INFO perfrun.launcher <> - plugin [] was disabled because it doesn't support the given collection type.
419 [14836] INFO perfrun.launcher <> - plugin [aoclprofile] was disabled because it doesn't support the given collection type.
419 [14836] INFO perfrun.tpss <> - initialize tpss controller
419 [14836] INFO perfrun.launcher <> - plugin [tpss] was disabled because it doesn't support the given collection type.
419 [14836] INFO perfrun.launcher <> - plugin [exprof] was disabled because it doesn't support the given collection type.
419 [14836] INFO perfrun.launcher <> - plugin [] was disabled because it doesn't support the given collection type.
419 [14836] INFO perfrun.launcher <> - plugin [] was disabled because it doesn't support the given collection type.
419 [14836] INFO perfrun.launcher <> - plugin [] was disabled because it doesn't support the given collection type.
419 [14836] INFO perfrun.launcher <> - plugin [] was disabled because it doesn't support the given collection type.
419 [14836] INFO perfrun.launcher <> - plugin [power] was disabled because it doesn't support the given collection type.
419 [14836] INFO perfrun.launcher <> - plugin [hwloc] was disabled because it doesn't support the given collection type.
419 [14836] INFO perfrun.launcher <> - plugin [ipmwatch] was disabled because it doesn't support the given collection type.
419 [14836] INFO perfrun.launcher <> - plugin [os_counters] was disabled because it doesn't support the given collection type.
419 [13372] INFO perfrun.launcher <> - set environment variable: INTEL_MRTE_DATA_DIR = D:\Projects\CVTree-Parallelised\src\CVTreeParallelised\CVTree-VTune\r024ps\data.0
419 [13372] INFO perfrun.launcher <> - set environment variable: INTEL_MRTE_HOST_NAME = DESKTOP-52FOPCQ
419 [13372] INFO perfrun.launcher <> - set environment variable: JAVA_TOOL_OPTIONS = -agentlib:amplxe_samplingmrte_javaprof_1.0
419 [13372] INFO perfrun.launcher <> - set environment variable: COR_ENABLE_PROFILING = 1
420 [13372] INFO perfrun.launcher <> - set environment variable: COR_PROFILER = {AA5E4821-E3B1-479c-B7FF-5AD047D22CED}
420 [13372] INFO perfrun.launcher <> - set environment variable: COMPLUS_ProfAPI_ProfilerCompatibilitySetting = EnableV2Profiler
420 [13372] INFO perfrun.launcher <> - set environment variable: CORECLR_ENABLE_PROFILING = 1
420 [13372] INFO perfrun.launcher <> - set environment variable: CORECLR_PROFILER = {AA5E4821-E3B1-479c-B7FF-5AD047D22CED}
421 [13372] INFO perfrun.launcher <> - set environment variable: CORECLR_PROFILER_PATH = D:\Program Files\Intel\oneAPI\vtune\latest\bin64/amplxe_samplingmrte_clrprof_1.0.dll
421 [13372] INFO perfrun.launcher <> - set environment variable: INTEL_MRTE_PROFILER_MODE = mixed
421 [13372] INFO perfrun.launcher <> - RpcServer: run RPC server to handle requests
437 [13372] INFO perfrun.sdk <> - IProcessUtil: the given executable 'D:\Projects\CVTree-Parallelised\src\CVTreeParallelised\x64\Release\CVTreeParallelised.exe' is valid.
437 [13372] INFO perfrun.launcher <> - Launcher: command line to start before modification = D:\Projects\CVTree-Parallelised\src\CVTreeParallelised\x64\Release\CVTreeParallelised.exe
437 [13372] INFO perfrun.launcher <> - Launcher: command line to start after modification = D:\Projects\CVTree-Parallelised\src\CVTreeParallelised\x64\Release\CVTreeParallelised.exe
437 [13372] INFO perfrun.launcher <> - ProcessCreator object was created
439 [13372] INFO perfrun.launcher <> - Launcher: the process was started in suspend mode
439 [14836] INFO perfrun.launcher <> - Messenger::say: Peak bandwidth measurement started.
4265 [14836] INFO perfrun.launcher <> - Messenger::say: Peak bandwidth measurement finished.
4266 [14836] INFO perfrun.sdk <> - runCmd: "D:\Program Files\Intel\oneAPI\vtune\latest\bin64\emon.exe" -M
4342 [14836] INFO perfrun.sdk <> - runCmd: "D:\Program Files\Intel\oneAPI\vtune\latest\bin64\emon.exe" -v
4430 [14836] INFO perfrun.sdk <> - runCmd: "D:\Program Files\Intel\oneAPI\vtune\latest\bin64\sep.exe" -dry-run -ec "CPU_CLK_UNHALTED.THREAD:sa=3400000,CPU_CLK_UNHALTED.REF_TSC:sample:sa=3400000,INST_RETIRED.ANY:sample:sa=3400000,CPU_CLK_UNHALTED.REF_XCLK:sa=100003,CPU_CLK_UNHALTED.ONE_THREAD_ACTIVE:sa=100003,UOPS_RETIRED.RETIRE_SLOTS:sample:sa=2000003,FP_ARITH_INST_RETIRED.SCALAR_SINGLE:sa=2000003,FP_ARITH_INST_RETIRED.128B_PACKED_SINGLE:sa=2000003,FP_ARITH_INST_RETIRED.256B_PACKED_SINGLE:sa=2000003,FP_ARITH_INST_RETIRED.SCALAR_DOUBLE:sa=2000003,FP_ARITH_INST_RETIRED.128B_PACKED_DOUBLE:sa=2000003,FP_ARITH_INST_RETIRED.256B_PACKED_DOUBLE:sa=2000003,UOPS_EXECUTED.X87:sa=2000003,UOPS_EXECUTED.THREAD:sa=2000003,CYCLE_ACTIVITY.STALLS_L1D_MISS:sa=2000003,CYCLE_ACTIVITY.STALLS_L2_MISS:sa=2000003,CYCLE_ACTIVITY.STALLS_L3_MISS:sa=2000003,CYCLE_ACTIVITY.STALLS_MEM_ANY:sa=2000003,CYCLE_ACTIVITY.STALLS_TOTAL:sa=2000003,EXE_ACTIVITY.1_PORTS_UTIL:sa=2000003,EXE_ACTIVITY.2_PORTS_UTIL:sa=2000003,EXE_ACTIVITY.BOUND_ON_STORES:sa=2000003,EXE_ACTIVITY.EXE_BOUND_0_PORTS:sa=2000003,IDQ_UOPS_NOT_DELIVERED.CORE:sa=2000003,INT_MISC.RECOVERY_CYCLES:sa=2000003,UOPS_ISSUED.ANY:sa=2000003,MEM_LOAD_RETIRED.L3_MISS_PS:sa=50003,L1D_PEND_MISS.FB_FULL:cmask=1:sa=2000003,L1D_PEND_MISS.PENDING:sa=2000003,MEM_LOAD_L3_HIT_RETIRED.XSNP_HITM_PS:sa=100003,MEM_LOAD_L3_HIT_RETIRED.XSNP_HIT_PS:sa=100003,MEM_LOAD_L3_HIT_RETIRED.XSNP_MISS_PS:sa=100003,MEM_LOAD_RETIRED.FB_HIT_PS:sa=2000003,MEM_LOAD_RETIRED.L1_MISS_PS:sa=2000003,MEM_LOAD_RETIRED.L2_HIT_PS:sa=2000003,MEM_LOAD_RETIRED.L3_HIT_PS:sa=200003,OFFCORE_REQUESTS_OUTSTANDING.ALL_DATA_RD:cmask=4:sa=2000003,OFFCORE_REQUESTS_OUTSTANDING.CYCLES_WITH_DATA_RD:sa=2000003,MEM_INST_RETIRED.ALL_LOADS_PS:sa=100003,MEM_INST_RETIRED.ALL_STORES_PS:sa=100003,UNC_IMC_DRAM_DATA_READS,UNC_IMC_DRAM_DATA_WRITES" -experimental
4535 [14836] INFO perfrun.sdk <> - runCmd: "D:\Program Files\Intel\oneAPI\vtune\latest\bin64\emon.exe" -u -t0.010 -l0 -A -C "CPU_CLK_UNHALTED.ONE_THREAD_ACTIVE,CPU_CLK_UNHALTED.REF_TSC,CPU_CLK_UNHALTED.REF_XCLK,CPU_CLK_UNHALTED.THREAD,CYCLE_ACTIVITY.STALLS_L1D_MISS,CYCLE_ACTIVITY.STALLS_L2_MISS,CYCLE_ACTIVITY.STALLS_L3_MISS,CYCLE_ACTIVITY.STALLS_MEM_ANY,CYCLE_ACTIVITY.STALLS_TOTAL,EXE_ACTIVITY.1_PORTS_UTIL,EXE_ACTIVITY.2_PORTS_UTIL,EXE_ACTIVITY.BOUND_ON_STORES,EXE_ACTIVITY.EXE_BOUND_0_PORTS,FP_ARITH_INST_RETIRED.128B_PACKED_DOUBLE,FP_ARITH_INST_RETIRED.128B_PACKED_SINGLE,FP_ARITH_INST_RETIRED.256B_PACKED_DOUBLE,FP_ARITH_INST_RETIRED.256B_PACKED_SINGLE,FP_ARITH_INST_RETIRED.SCALAR_DOUBLE,FP_ARITH_INST_RETIRED.SCALAR_SINGLE,IDQ_UOPS_NOT_DELIVERED.CORE,INST_RETIRED.ANY,INT_MISC.RECOVERY_CYCLES,L1D_PEND_MISS.FB_FULL:c1,L1D_PEND_MISS.PENDING,MEM_INST_RETIRED.ALL_LOADS,MEM_INST_RETIRED.ALL_STORES,MEM_LOAD_L3_HIT_RETIRED.XSNP_HIT,MEM_LOAD_L3_HIT_RETIRED.XSNP_HITM,MEM_LOAD_L3_HIT_RETIRED.XSNP_MISS,MEM_LOAD_RETIRED.FB_HIT,MEM_LOAD_RETIRED.L1_MISS,MEM_LOAD_RETIRED.L2_HIT,MEM_LOAD_RETIRED.L3_HIT,MEM_LOAD_RETIRED.L3_MISS,OFFCORE_REQUESTS_OUTSTANDING.ALL_DATA_RD:c4,OFFCORE_REQUESTS_OUTSTANDING.CYCLES_WITH_DATA_RD,UNC_IMC_DRAM_DATA_READS,UNC_IMC_DRAM_DATA_WRITES,UOPS_EXECUTED.THREAD,UOPS_EXECUTED.X87,UOPS_ISSUED.ANY,UOPS_RETIRED.RETIRE_SLOTS" -f "D:\Projects\CVTree-Parallelised\src\CVTreeParallelised\CVTree-VTune\r024ps\data.0\emon.0.emon" -experimental
4538 [14836] INFO perfrun.emon <> - Waiting trace file creation: D:\Projects\CVTree-Parallelised\src\CVTreeParallelised\CVTree-VTune\r024ps\data.0\emon.0.emon
4743 [14836] INFO perfrun.emon <> - trace file was found
4743 [13372] INFO perfrun.launcher <> - Launcher: all plugins were started
4743 [13372] INFO perfrun.launcher <> - DirectoryMonitor object was created
4744 [13372] INFO perfrun.launcher <> - DirectoryMonitor: a callback was added
4744 [13372] INFO perfrun.launcher <> - DirectoryMonitor was started with pingTime = 1000
4744 [13372] INFO perfrun.launcher <> - DeadlineTimer is going to be constructed
4744 [13372] INFO perfrun.launcher <> - DeadlineTimer: a callback was added
4750 [13372] INFO perfrun.launcher <> - Launcher: resume the profiled application and  wait its termination or stop command
23114 [13372] INFO perfrun.launcher <> - Launcher: the profiled application was terminated  with exit code = 0
23120 [14836] INFO perfrun.sdk <> - runCmd: "D:\Program Files\Intel\oneAPI\vtune\latest\bin64\emon.exe" -stop
23337 [14836] INFO perfrun.emon <> - EMON collector successfully stopped.

23337 [14836] INFO perfrun.sdk <> - De-allocating TMU: D:\Projects\CVTree-Parallelised\src\CVTreeParallelised\CVTree-VTune\r024ps\data.0\systemcollector-14192-DESKTOP-52FOPCQ.sc
23358 [14836] INFO perfrun.system <> - closed the system trace file: D:\Projects\CVTree-Parallelised\src\CVTreeParallelised\CVTree-VTune\r024ps\data.0\systemcollector-14192-DESKTOP-52FOPCQ.sc
23358 [13372] INFO perfrun.launcher <> - Launcher: all plugins were stopped.
23358 [13372] INFO perfrun.launcher <> - DeadlineTimer is going to be destroyed
23359 [13372] INFO perfrun.launcher <> - DeadlineTimer was destroyed
23359 [13372] INFO perfrun.launcher <> - DirectoryMonitor object was destroyed
23359 [13372] WARN perfrun.launcher <> - Stop command is ignored because it is received when collection is already stopped, at file: C:\BB\INNLphep2w6r\b\tmprb3sli\vcs\perfrun1\launcher\src\command_handler.cpp:212
23360 [13372] INFO perfrun.launcher <> - Application exit code: 0
23360 [13372] INFO perfrun.launcher <> - Exit code: 0
